[debug] [2023-12-08T07:38:15.046Z] ----------------------------------------------------------------------
[debug] [2023-12-08T07:38:15.047Z] Command:       /home/lredd/.nvm/versions/node/v20.9.0/bin/node /home/lredd/.nvm/versions/node/v20.9.0/bin/firebase init
[debug] [2023-12-08T07:38:15.048Z] CLI Version:   13.0.1
[debug] [2023-12-08T07:38:15.048Z] Platform:      linux
[debug] [2023-12-08T07:38:15.048Z] Node Version:  v20.9.0
[debug] [2023-12-08T07:38:15.048Z] Time:          Thu Dec 07 2023 23:38:15 GMT-0800 (Pacific Standard Time)
[debug] [2023-12-08T07:38:15.048Z] ----------------------------------------------------------------------
[debug] 
[debug] [2023-12-08T07:38:15.051Z] > command requires scopes: ["email","openid","https://www.googleapis.com/auth/cloudplatformprojects.readonly","https://www.googleapis.com/auth/firebase","https://www.googleapis.com/auth/cloud-platform"]
[debug] [2023-12-08T07:38:15.051Z] > authorizing via signed-in user (reddlamar1@gmail.com)
[info] 
     ######## #### ########  ######## ########     ###     ######  ########
     ##        ##  ##     ## ##       ##     ##  ##   ##  ##       ##
     ######    ##  ########  ######   ########  #########  ######  ######
     ##        ##  ##    ##  ##       ##     ## ##     ##       ## ##
     ##       #### ##     ## ######## ########  ##     ##  ######  ########

You're about to initialize a Firebase project in this directory:

  /home/lredd/projects/lr-clothing

[info] 
=== Project Setup
[info] 
[info] First, let's associate this project directory with a Firebase project.
[info] You can create multiple project aliases by running firebase use --add, 
[info] but for now we'll just set up a default project.
[info] 
[debug] [2023-12-08T07:38:26.457Z] >>> [apiv2][query] GET https://firebase.googleapis.com/v1beta1/projects pageSize=100
[debug] [2023-12-08T07:38:27.029Z] <<< [apiv2][status] GET https://firebase.googleapis.com/v1beta1/projects 200
[debug] [2023-12-08T07:38:27.029Z] <<< [apiv2][body] GET https://firebase.googleapis.com/v1beta1/projects [omitted]
[info] i  Using project lr-clothing-db (lr-clothing-db) 
[info] 
=== Hosting Setup
[debug] [2023-12-08T07:38:27.605Z] >>> [apiv2][query] GET https://firebase.googleapis.com/v1beta1/projects/lr-clothing-db [none]
[debug] [2023-12-08T07:38:27.854Z] <<< [apiv2][status] GET https://firebase.googleapis.com/v1beta1/projects/lr-clothing-db 200
[debug] [2023-12-08T07:38:27.854Z] <<< [apiv2][body] GET https://firebase.googleapis.com/v1beta1/projects/lr-clothing-db {"projectId":"lr-clothing-db","projectNumber":"57372017786","displayName":"lr-clothing-db","name":"projects/lr-clothing-db","resources":{"hostingSite":"lr-clothing-db"},"state":"ACTIVE","etag":"1_deeea07e-b61f-49a6-92ff-4340272c369e"}
[info] 
[info] Your public directory is the folder (relative to your project directory) that
[info] will contain Hosting assets to be uploaded with firebase deploy. If you
[info] have a build process for your assets, use your build's output directory.
[info] 
[debug] [2023-12-08T07:39:06.241Z] >>> [apiv2][query] GET https://www.gstatic.com/firebasejs/releases.json [none]
[debug] [2023-12-08T07:39:06.380Z] <<< [apiv2][status] GET https://www.gstatic.com/firebasejs/releases.json 200
[debug] [2023-12-08T07:39:06.380Z] <<< [apiv2][body] GET https://www.gstatic.com/firebasejs/releases.json {"current":{"version":"10.7.1","browserURL":"https://www.gstatic.com/firebasejs/10.7.1/firebase.js","packageURL":"https://www.gstatic.com/firebasejs/10.7.1/firebase.tgz"},"live":{"version":"10.7","browserURL":"https://www.gstatic.com/firebasejs/live/10.7/firebase.js","packageURL":"https://www.gstatic.com/firebasejs/live/10.7/firebase.tgz"},"components":{"analytics":"https://www.gstatic.com/firebasejs/10.7.1/firebase-analytics.js","app":"https://www.gstatic.com/firebasejs/10.7.1/firebase-app.js","app-check":"https://www.gstatic.com/firebasejs/10.7.1/firebase-app-check.js","auth":"https://www.gstatic.com/firebasejs/10.7.1/firebase-auth.js","auth/cordova":"https://www.gstatic.com/firebasejs/10.7.1/firebase-auth/cordova.js","functions":"https://www.gstatic.com/firebasejs/10.7.1/firebase-functions.js","firestore":"https://www.gstatic.com/firebasejs/10.7.1/firebase-firestore.js","firestore/lite":"https://www.gstatic.com/firebasejs/10.7.1/firebase-firestore/lite.js","installations":"https://www.gstatic.com/firebasejs/10.7.1/firebase-installations.js","storage":"https://www.gstatic.com/firebasejs/10.7.1/firebase-storage.js","performance":"https://www.gstatic.com/firebasejs/10.7.1/firebase-performance.js","remote-config":"https://www.gstatic.com/firebasejs/10.7.1/firebase-remote-config.js","messaging":"https://www.gstatic.com/firebasejs/10.7.1/firebase-messaging.js","messaging/sw":"https://www.gstatic.com/firebasejs/10.7.1/firebase-messaging/sw.js","database":"https://www.gstatic.com/firebasejs/10.7.1/firebase-database.js","firestore.memory":"https://www.gstatic.com/firebasejs/10.7.1/firebase-firestore.memory.js"}}
[info] ✔  Wrote lrClothing/index.html 
[info] 
[info] i  Detected a .git folder at /home/lredd/projects/lr-clothing 
[info] i  Authorizing with GitHub to upload your service account to a GitHub repository's secrets store. 
[info] 
[info] Visit this URL on this device to log in:
[info] https://github.com/login/oauth/authorize?client_id=89cf50f02ac6aaed3484&state=178490528&redirect_uri=http%3A%2F%2Flocalhost%3A9005&scope=read%3Auser%20repo%20public_repo
[info] 
[info] Waiting for authentication...
[debug] [2023-12-08T07:39:24.168Z] >>> [apiv2][query] POST https://github.com/login/oauth/access_token [none]
[debug] [2023-12-08T07:39:24.168Z] >>> [apiv2][body] POST https://github.com/login/oauth/access_token [stream]
[debug] [2023-12-08T07:39:24.528Z] <<< [apiv2][status] POST https://github.com/login/oauth/access_token 200
[debug] [2023-12-08T07:39:24.528Z] <<< [apiv2][body] POST https://github.com/login/oauth/access_token {"access_token":"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","token_type":"bearer","scope":"read:user,repo"}
[debug] [2023-12-08T07:39:24.530Z] >>> [apiv2][query] GET https://api.github.com/user [none]
[debug] [2023-12-08T07:39:24.885Z] <<< [apiv2][status] GET https://api.github.com/user 200
[debug] [2023-12-08T07:39:24.885Z] <<< [apiv2][body] GET https://api.github.com/user {"login":"reddlamar","id":145939771,"node_id":"U_kgDOCLLdOw","avatar_url":"https://avatars.githubusercontent.com/u/145939771?v=4","gravatar_id":"","url":"https://api.github.com/users/reddlamar","html_url":"https://github.com/reddlamar","followers_url":"https://api.github.com/users/reddlamar/followers","following_url":"https://api.github.com/users/reddlamar/following{/other_user}","gists_url":"https://api.github.com/users/reddlamar/gists{/gist_id}","starred_url":"https://api.github.com/users/reddlamar/starred{/owner}{/repo}","subscriptions_url":"https://api.github.com/users/reddlamar/subscriptions","organizations_url":"https://api.github.com/users/reddlamar/orgs","repos_url":"https://api.github.com/users/reddlamar/repos","events_url":"https://api.github.com/users/reddlamar/events{/privacy}","received_events_url":"https://api.github.com/users/reddlamar/received_events","type":"User","site_admin":false,"name":null,"company":"LR's Solutions","blog":"","location":"San Diego","email":null,"hireable":null,"bio":null,"twitter_username":null,"public_repos":13,"public_gists":0,"followers":0,"following":1,"created_at":"2023-09-24T22:23:52Z","updated_at":"2023-11-22T20:00:17Z","private_gists":0,"total_private_repos":0,"owned_private_repos":0,"disk_usage":35592,"collaborators":0,"two_factor_authentication":true,"plan":{"name":"free","space":976562499,"collaborators":0,"private_repos":10000}}
[info] 
[info] ✔  Success! Logged into GitHub as reddlamar 
[info] 
[debug] [2023-12-08T07:39:40.095Z] >>> [apiv2][query] GET https://api.github.com/repos/lr-clothing/actions/secrets/public-key type=owner
[debug] [2023-12-08T07:39:40.407Z] <<< [apiv2][status] GET https://api.github.com/repos/lr-clothing/actions/secrets/public-key 404
[debug] [2023-12-08T07:39:40.407Z] <<< [apiv2][body] GET https://api.github.com/repos/lr-clothing/actions/secrets/public-key {"message":"Not Found","documentation_url":"https://docs.github.com/rest"}
[info] 
[info] 
[error] ⚠  The provided authorization cannot be used with this repository. If this repository is in an organization, did you remember to grant access? 
[info] 
[info] i  Action required: Visit this URL to ensure access has been granted to the appropriate organization(s) for the Firebase CLI GitHub OAuth App: 
[info] https://github.com/settings/connections/applications/89cf50f02ac6aaed3484
[info] 
[debug] [2023-12-08T07:40:17.426Z] >>> [apiv2][query] GET https://api.github.com/repos/lr-clothing/actions/secrets/public-key type=owner
[debug] [2023-12-08T07:40:18.072Z] <<< [apiv2][status] GET https://api.github.com/repos/lr-clothing/actions/secrets/public-key 404
[debug] [2023-12-08T07:40:18.072Z] <<< [apiv2][body] GET https://api.github.com/repos/lr-clothing/actions/secrets/public-key {"message":"Not Found","documentation_url":"https://docs.github.com/rest"}
[info] 
[info] 
[error] ⚠  The provided authorization cannot be used with this repository. If this repository is in an organization, did you remember to grant access? 
[info] 
[info] i  Action required: Visit this URL to ensure access has been granted to the appropriate organization(s) for the Firebase CLI GitHub OAuth App: 
[info] https://github.com/settings/connections/applications/89cf50f02ac6aaed3484
[info] 
